<?xml version="1.0" encoding="utf-8" ?>
<!-- DO NOT EDIT THIS FILE -->

<log version='2.0' source='trc'>
	<msg id='1' display='false' source='trc'>
		<type>PROCESS_START</type>
		<severity>INFO</severity>
		<timestamp>Wed May 21 14:30:39 2025</timestamp>
		<arg name='process'>/home/sdp/zpic-parallel/sycl/zpic</arg>
		<arg name='pid'>158385</arg>
	</msg>
	<!-- Instrumentation filter's state:
    Patterns applicability:
        Generic loop pattern.....................: disabled
        Generic loop pattern (with dynamic jumps): disabled
        Known trip value loop pattern............: disabled
        Runtime final value loop pattern.........: disabled
        No initial IV loop pattern...............: disabled
        IV step only loop pattern................: disabled
        No entry loop pattern....................: disabled
    Clustered memory model (CMM) applicability:
        Generic loop pattern.....................: enabled
        Generic loop pattern (with dynamic jumps): enabled
        Known trip value loop pattern............: enabled
        Runtime final value loop pattern.........: enabled
        No initial IV loop pattern...............: enabled
        IV step only loop pattern................: enabled
        No entry loop pattern....................: disabled
 -->
	<!-- Callstack mode:
    filter modules.........: true
    filter routines........: true
    count loops............: false
    count flops............: false
    trace..................: false
    extended trace.........: false
    omp trace..............: false
    jit trace..............: false
    failures trace.........: false
    dump raw...............: false
    dump final.............: false
    dump all...............: false
    stack stitching........: true
    stl profiling..........: true
    aggressive frame switch: true
    unwind frame exit......: true
    analyze child loops....: true
 -->
	<!-- Managed application profiling: -->
	<!-- 	State...................: enabled -->
	<!-- Gpu Profiling: -->
	<!-- 	State    : disabled -->
	<!-- 	Filter   : * -->
	<!-- 	GPUs     : all -->
	<!-- 	Options  :  -->
	<!-- 	Instances:  -->
	<!-- 	Matching : strict -->
	<msg id='2' display='false' source='trc'>
		<type>PROCESS_ANALYSIS_MODE</type>
		<severity>INFO</severity>
		<timestamp>Wed May 21 14:30:39 2025</timestamp>
		<arg name='mode'>full</arg>
	</msg>
	<!-- Update image info for [1:0x400000:YN] /home/sdp/zpic-parallel/sycl/zpic -->
	<msg id='3' display='false' source='trc'>
		<type>LOAD_MODULE</type>
		<severity>INFO</severity>
		<timestamp>Wed May 21 14:30:39 2025</timestamp>
		<arg name='module'>/home/sdp/zpic-parallel/sycl/zpic</arg>
		<arg name='basement'>0x400000</arg>
		<arg name='ceiling'>0x6765af</arg>
		<arg name='symtab'>yes</arg>
	</msg>
	<!-- Instrumenting image: id = 1, name = /home/sdp/zpic-parallel/sycl/zpic -->
	<!-- Update image info for [2:0x7F52C7B21000:NN] /lib64/ld-linux-x86-64.so.2 -->
	<msg id='4' display='false' source='trc'>
		<type>LOAD_MODULE</type>
		<severity>INFO</severity>
		<timestamp>Wed May 21 14:30:39 2025</timestamp>
		<arg name='module'>/lib64/ld-linux-x86-64.so.2</arg>
		<arg name='basement'>0x7f52c7b21000</arg>
		<arg name='ceiling'>0x7f52c7b5c2d7</arg>
		<arg name='symtab'>no</arg>
	</msg>
	<!-- Instrumentation of /lib64/ld-linux-x86-64.so.2 image skipped because of filter conditions. -->
	<!-- Update image info for [3:0x7FFF1BD2D000:NN] [vdso] -->
	<msg id='5' display='false' source='trc'>
		<type>LOAD_MODULE</type>
		<severity>INFO</severity>
		<timestamp>Wed May 21 14:30:39 2025</timestamp>
		<arg name='module'>[vdso]</arg>
		<arg name='basement'>0x7fff1bd2d000</arg>
		<arg name='ceiling'>0x7fff1bd2ddcc</arg>
		<arg name='symtab'>no</arg>
	</msg>
	<!-- Instrumentation of [vdso] image skipped because of filter conditions [cs-mode]. -->
	<!-- Update image info for [4:0x7F52B23AB000:NN] /lib/x86_64-linux-gnu/libstdc++.so.6 -->
	<msg id='6' display='false' source='trc'>
		<type>LOAD_MODULE</type>
		<severity>INFO</severity>
		<timestamp>Wed May 21 14:30:39 2025</timestamp>
		<arg name='module'>/lib/x86_64-linux-gnu/libstdc++.so.6</arg>
		<arg name='basement'>0x7f52b23ab000</arg>
		<arg name='ceiling'>0x7f52b25d68bf</arg>
		<arg name='symtab'>no</arg>
	</msg>
	<!-- Instrumentation of /lib/x86_64-linux-gnu/libstdc++.so.6 image skipped because of filter conditions. -->
	<!-- Update image info for [5:0x7F52B2213000:NN] /lib/x86_64-linux-gnu/libm.so.6 -->
	<msg id='7' display='false' source='trc'>
		<type>LOAD_MODULE</type>
		<severity>INFO</severity>
		<timestamp>Wed May 21 14:30:39 2025</timestamp>
		<arg name='module'>/lib/x86_64-linux-gnu/libm.so.6</arg>
		<arg name='basement'>0x7f52b2213000</arg>
		<arg name='ceiling'>0x7f52b22f9107</arg>
		<arg name='symtab'>no</arg>
	</msg>
	<!-- Instrumentation of /lib/x86_64-linux-gnu/libm.so.6 image skipped because of filter conditions [cs-mode]. -->
	<!-- Update image info for [6:0x7F52B21F3000:NN] /lib/x86_64-linux-gnu/libgcc_s.so.1 -->
	<msg id='8' display='false' source='trc'>
		<type>LOAD_MODULE</type>
		<severity>INFO</severity>
		<timestamp>Wed May 21 14:30:39 2025</timestamp>
		<arg name='module'>/lib/x86_64-linux-gnu/libgcc_s.so.1</arg>
		<arg name='basement'>0x7f52b21f3000</arg>
		<arg name='ceiling'>0x7f52b22122e7</arg>
		<arg name='symtab'>no</arg>
	</msg>
	<!-- Instrumentation of /lib/x86_64-linux-gnu/libgcc_s.so.1 image skipped because of filter conditions [cs-mode]. -->
	<!-- Update image info for [7:0x7F52B1E41000:YN] /opt/intel/oneapi/compiler/2025.0/lib/libsycl.so.8 -->
	<msg id='9' display='false' source='trc'>
		<type>LOAD_MODULE</type>
		<severity>INFO</severity>
		<timestamp>Wed May 21 14:30:39 2025</timestamp>
		<arg name='module'>/opt/intel/oneapi/compiler/2025.0/lib/libsycl.so.8</arg>
		<arg name='basement'>0x7f52b1e41000</arg>
		<arg name='ceiling'>0x7f52b21d15df</arg>
		<arg name='symtab'>yes</arg>
	</msg>
	<!-- Instrumentation of /opt/intel/oneapi/compiler/2025.0/lib/libsycl.so.8 image skipped because of filter conditions. -->
	<!-- Update image info for [8:0x7F52B1BE6000:NN] /lib/x86_64-linux-gnu/libc.so.6 -->
	<msg id='10' display='false' source='trc'>
		<type>LOAD_MODULE</type>
		<severity>INFO</severity>
		<timestamp>Wed May 21 14:30:39 2025</timestamp>
		<arg name='module'>/lib/x86_64-linux-gnu/libc.so.6</arg>
		<arg name='basement'>0x7f52b1be6000</arg>
		<arg name='ceiling'>0x7f52b1e0ee4f</arg>
		<arg name='symtab'>no</arg>
	</msg>
	<!-- Instrumentation of /lib/x86_64-linux-gnu/libc.so.6 image skipped because of filter conditions. -->
	<!-- Update image info for [9:0x7F52B1B5E000:NN] /lib/x86_64-linux-gnu/libdl.so.2 -->
	<msg id='11' display='false' source='trc'>
		<type>LOAD_MODULE</type>
		<severity>INFO</severity>
		<timestamp>Wed May 21 14:30:39 2025</timestamp>
		<arg name='module'>/lib/x86_64-linux-gnu/libdl.so.2</arg>
		<arg name='basement'>0x7f52b1b5e000</arg>
		<arg name='ceiling'>0x7f52b1b62027</arg>
		<arg name='symtab'>no</arg>
	</msg>
	<!-- Instrumentation of /lib/x86_64-linux-gnu/libdl.so.2 image skipped because of filter conditions [cs-mode]. -->
	<!-- Update image info for [10:0x7F52B1B36000:YN] /lib/x86_64-linux-gnu/libpthread.so.0 -->
	<msg id='12' display='false' source='trc'>
		<type>LOAD_MODULE</type>
		<severity>INFO</severity>
		<timestamp>Wed May 21 14:30:39 2025</timestamp>
		<arg name='module'>/lib/x86_64-linux-gnu/libpthread.so.0</arg>
		<arg name='basement'>0x7f52b1b36000</arg>
		<arg name='ceiling'>0x7f52b1b3a027</arg>
		<arg name='symtab'>yes</arg>
	</msg>
	<!-- Instrumentation of /lib/x86_64-linux-gnu/libpthread.so.0 image skipped because of filter conditions [cs-mode]. -->
	<!-- Update image info for [11:0x7F52B0F27000:YN] /opt/intel/oneapi/compiler/2025.0/lib/libur_loader.so.0 -->
	<msg id='13' display='false' source='trc'>
		<type>LOAD_MODULE</type>
		<severity>INFO</severity>
		<timestamp>Wed May 21 14:30:39 2025</timestamp>
		<arg name='module'>/opt/intel/oneapi/compiler/2025.0/lib/libur_loader.so.0</arg>
		<arg name='basement'>0x7f52b0f27000</arg>
		<arg name='ceiling'>0x7f52b1b1456a</arg>
		<arg name='symtab'>yes</arg>
	</msg>
	<!-- Instrumenting image: id = 11, name = /opt/intel/oneapi/compiler/2025.0/lib/libur_loader.so.0 -->
	<!-- Update image info for [12:0x7F52B0EEB000:NN] /lib/x86_64-linux-gnu/librt.so.1 -->
	<msg id='14' display='false' source='trc'>
		<type>LOAD_MODULE</type>
		<severity>INFO</severity>
		<timestamp>Wed May 21 14:30:40 2025</timestamp>
		<arg name='module'>/lib/x86_64-linux-gnu/librt.so.1</arg>
		<arg name='basement'>0x7f52b0eeb000</arg>
		<arg name='ceiling'>0x7f52b0eef037</arg>
		<arg name='symtab'>no</arg>
	</msg>
	<!-- Instrumentation of /lib/x86_64-linux-gnu/librt.so.1 image skipped because of filter conditions [cs-mode]. -->
	<!-- Update image info for [13:0x7F52B0ADD000:YN] /opt/intel/oneapi/compiler/2025.0/lib/libimf.so -->
	<msg id='15' display='false' source='trc'>
		<type>LOAD_MODULE</type>
		<severity>INFO</severity>
		<timestamp>Wed May 21 14:30:40 2025</timestamp>
		<arg name='module'>/opt/intel/oneapi/compiler/2025.0/lib/libimf.so</arg>
		<arg name='basement'>0x7f52b0add000</arg>
		<arg name='ceiling'>0x7f52b0ee859f</arg>
		<arg name='symtab'>yes</arg>
	</msg>
	<!-- Instrumentation of /opt/intel/oneapi/compiler/2025.0/lib/libimf.so image skipped because of filter conditions [cs-mode]. -->
	<!-- Update image info for [14:0x7F52B0AC1000:NN] /lib/x86_64-linux-gnu/libz.so.1 -->
	<msg id='16' display='false' source='trc'>
		<type>LOAD_MODULE</type>
		<severity>INFO</severity>
		<timestamp>Wed May 21 14:30:40 2025</timestamp>
		<arg name='module'>/lib/x86_64-linux-gnu/libz.so.1</arg>
		<arg name='basement'>0x7f52b0ac1000</arg>
		<arg name='ceiling'>0x7f52b0adc0b7</arg>
		<arg name='symtab'>no</arg>
	</msg>
	<!-- Instrumentation of /lib/x86_64-linux-gnu/libz.so.1 image skipped because of filter conditions [cs-mode]. -->
	<!-- Update image info for [15:0x7F52AF480000:YN] /opt/intel/oneapi/compiler/2025.0/lib/libsvml.so -->
	<msg id='17' display='false' source='trc'>
		<type>LOAD_MODULE</type>
		<severity>INFO</severity>
		<timestamp>Wed May 21 14:30:40 2025</timestamp>
		<arg name='module'>/opt/intel/oneapi/compiler/2025.0/lib/libsvml.so</arg>
		<arg name='basement'>0x7f52af480000</arg>
		<arg name='ceiling'>0x7f52b0ac0103</arg>
		<arg name='symtab'>yes</arg>
	</msg>
	<!-- Instrumentation of /opt/intel/oneapi/compiler/2025.0/lib/libsvml.so image skipped because of filter conditions [cs-mode]. -->
	<!-- Update image info for [16:0x7F52AF387000:YN] /opt/intel/oneapi/compiler/2025.0/lib/libirng.so -->
	<msg id='18' display='false' source='trc'>
		<type>LOAD_MODULE</type>
		<severity>INFO</severity>
		<timestamp>Wed May 21 14:30:40 2025</timestamp>
		<arg name='module'>/opt/intel/oneapi/compiler/2025.0/lib/libirng.so</arg>
		<arg name='basement'>0x7f52af387000</arg>
		<arg name='ceiling'>0x7f52af47f85d</arg>
		<arg name='symtab'>yes</arg>
	</msg>
	<!-- Instrumentation of /opt/intel/oneapi/compiler/2025.0/lib/libirng.so image skipped because of filter conditions [cs-mode]. -->
	<!-- Update image info for [17:0x7F52AF325000:YN] /opt/intel/oneapi/compiler/2025.0/lib/libintlc.so.5 -->
	<msg id='19' display='false' source='trc'>
		<type>LOAD_MODULE</type>
		<severity>INFO</severity>
		<timestamp>Wed May 21 14:30:40 2025</timestamp>
		<arg name='module'>/opt/intel/oneapi/compiler/2025.0/lib/libintlc.so.5</arg>
		<arg name='basement'>0x7f52af325000</arg>
		<arg name='ceiling'>0x7f52af386237</arg>
		<arg name='symtab'>yes</arg>
	</msg>
	<!-- Instrumentation of /opt/intel/oneapi/compiler/2025.0/lib/libintlc.so.5 image skipped because of filter conditions [cs-mode]. -->
	<!-- Update image info for [18:0x7F529FE0F000:YN] /opt/intel/oneapi/compiler/2025.0/lib/libur_adapter_level_zero.so.0 -->
	<msg id='20' display='false' source='trc'>
		<type>LOAD_MODULE</type>
		<severity>INFO</severity>
		<timestamp>Wed May 21 14:30:40 2025</timestamp>
		<arg name='module'>/opt/intel/oneapi/compiler/2025.0/lib/libur_adapter_level_zero.so.0</arg>
		<arg name='basement'>0x7f529fe0f000</arg>
		<arg name='ceiling'>0x7f529ff4a4e7</arg>
		<arg name='symtab'>yes</arg>
	</msg>
	<!-- Instrumenting image: id = 18, name = /opt/intel/oneapi/compiler/2025.0/lib/libur_adapter_level_zero.so.0 -->
	<!-- Update image info for [19:0x7F529FBF0000:YN] /opt/intel/oneapi/umf/0.9/lib/libumf.so.0 -->
	<msg id='21' display='false' source='trc'>
		<type>LOAD_MODULE</type>
		<severity>INFO</severity>
		<timestamp>Wed May 21 14:30:40 2025</timestamp>
		<arg name='module'>/opt/intel/oneapi/umf/0.9/lib/libumf.so.0</arg>
		<arg name='basement'>0x7f529fbf0000</arg>
		<arg name='ceiling'>0x7f529fc0648f</arg>
		<arg name='symtab'>yes</arg>
	</msg>
	<!-- Instrumentation of /opt/intel/oneapi/umf/0.9/lib/libumf.so.0 image skipped because of filter conditions [cs-mode]. -->
	<!-- Found 'zeCommandListAppendLaunchCooperativeKernel' at 0x7f529fa58870 -->
	<!-- Found 'zeCommandListAppendLaunchKernel' at 0x7f529fa58820 -->
	<!-- Found 'zeCommandListAppendLaunchKernelIndirect' at 0x7f529fa588c0 -->
	<!-- Found 'zeCommandListAppendLaunchMultipleKernelsIndirect' at 0x7f529fa58910 -->
	<!-- Found 'zeCommandListAppendMemoryCopy' at 0x7f529fa57160 -->
	<!-- Found 'zeCommandListAppendMemoryCopyRegion' at 0x7f529fa57210 -->
	<!-- Found 'zeCommandListAppendMemoryFill' at 0x7f529fa571b0 -->
	<!-- Found 'zeCommandListCreate' at 0x7f529fa56e40 -->
	<!-- Found 'zeCommandListCreateImmediate' at 0x7f529fa56e90 -->
	<!-- Found 'zeCommandListDestroy' at 0x7f529fa56ee0 -->
	<!-- Found 'zeCommandListReset' at 0x7f529fa56f80 -->
	<!-- Found 'zeCommandQueueExecuteCommandLists' at 0x7f529fa56da0 -->
	<!-- Found 'zeDeviceGetProperties' at 0x7f529fa567b0 -->
	<!-- Found 'zeDevicePciGetPropertiesExt' at 0x7f529fa590a0 -->
	<!-- Found 'zeKernelCreate' at 0x7f529fa58410 -->
	<!-- Found 'zeKernelDestroy' at 0x7f529fa58460 -->
	<!-- Found 'zeKernelSetArgumentValue' at 0x7f529fa585f0 -->
	<!-- Found 'zeKernelSetGroupSize' at 0x7f529fa58500 -->
	<!-- Found 'zeMemAllocDevice' at 0x7f529fa57d30 -->
	<!-- Found 'zeMemAllocHost' at 0x7f529fa57d80 -->
	<!-- Found 'zeMemAllocShared' at 0x7f529fa57ce0 -->
	<!-- Found 'zeMemFree' at 0x7f529fa57dd0 -->
	<!-- Update image info for [20:0x7F529FA46000:NN] /lib/x86_64-linux-gnu/libze_loader.so.1 -->
	<msg id='22' display='false' source='trc'>
		<type>LOAD_MODULE</type>
		<severity>INFO</severity>
		<timestamp>Wed May 21 14:30:40 2025</timestamp>
		<arg name='module'>/lib/x86_64-linux-gnu/libze_loader.so.1</arg>
		<arg name='basement'>0x7f529fa46000</arg>
		<arg name='ceiling'>0x7f529fa97527</arg>
		<arg name='symtab'>no</arg>
	</msg>
	<!-- Instrumentation of /lib/x86_64-linux-gnu/libze_loader.so.1 image skipped because of no symbols and stripped binaries profiling is disabled. -->
	<!-- Update image info for [21:0x7F529F600000:YN] /opt/intel/oneapi/tcm/1.2/lib/libhwloc.so.15 -->
	<msg id='23' display='false' source='trc'>
		<type>LOAD_MODULE</type>
		<severity>INFO</severity>
		<timestamp>Wed May 21 14:30:40 2025</timestamp>
		<arg name='module'>/opt/intel/oneapi/tcm/1.2/lib/libhwloc.so.15</arg>
		<arg name='basement'>0x7f529f600000</arg>
		<arg name='ceiling'>0x7f529f8568c7</arg>
		<arg name='symtab'>yes</arg>
	</msg>
	<!-- Instrumentation of /opt/intel/oneapi/tcm/1.2/lib/libhwloc.so.15 image skipped because of filter conditions [cs-mode]. -->
	<!-- Update image info for [22:0x7F529BEAE000:NN] /lib/x86_64-linux-gnu/libze_intel_gpu.so.1 -->
	<msg id='24' display='false' source='trc'>
		<type>LOAD_MODULE</type>
		<severity>INFO</severity>
		<timestamp>Wed May 21 14:30:40 2025</timestamp>
		<arg name='module'>/lib/x86_64-linux-gnu/libze_intel_gpu.so.1</arg>
		<arg name='basement'>0x7f529beae000</arg>
		<arg name='ceiling'>0x7f529db1c8ff</arg>
		<arg name='symtab'>no</arg>
	</msg>
	<!-- Instrumentation of /lib/x86_64-linux-gnu/libze_intel_gpu.so.1 image skipped because of no symbols and stripped binaries profiling is disabled. -->
	<!-- Update image info for [23:0x7F529BDF6000:NN] /lib/x86_64-linux-gnu/libigdgmm.so.12 -->
	<msg id='25' display='false' source='trc'>
		<type>LOAD_MODULE</type>
		<severity>INFO</severity>
		<timestamp>Wed May 21 14:30:40 2025</timestamp>
		<arg name='module'>/lib/x86_64-linux-gnu/libigdgmm.so.12</arg>
		<arg name='basement'>0x7f529bdf6000</arg>
		<arg name='ceiling'>0x7f529be940ef</arg>
		<arg name='symtab'>no</arg>
	</msg>
	<!-- Instrumentation of /lib/x86_64-linux-gnu/libigdgmm.so.12 image skipped because of filter conditions [cs-mode]. -->
	<!-- Update image info for [24:0x7F5291F8D000:NN] /lib/x86_64-linux-gnu/libigc.so.1 -->
	<msg id='26' display='false' source='trc'>
		<type>LOAD_MODULE</type>
		<severity>INFO</severity>
		<timestamp>Wed May 21 14:30:42 2025</timestamp>
		<arg name='module'>/lib/x86_64-linux-gnu/libigc.so.1</arg>
		<arg name='basement'>0x7f5291f8d000</arg>
		<arg name='ceiling'>0x7f52972c66c7</arg>
		<arg name='symtab'>no</arg>
	</msg>
	<!-- Instrumentation of /lib/x86_64-linux-gnu/libigc.so.1 image skipped because of filter conditions [cs-mode]. -->
	<!-- Update image info for [25:0x7F528FC04000:NN] /lib/x86_64-linux-gnu/libigdml.so.1 -->
	<msg id='27' display='false' source='trc'>
		<type>LOAD_MODULE</type>
		<severity>INFO</severity>
		<timestamp>Wed May 21 14:30:43 2025</timestamp>
		<arg name='module'>/lib/x86_64-linux-gnu/libigdml.so.1</arg>
		<arg name='basement'>0x7f528fc04000</arg>
		<arg name='ceiling'>0x7f528fd7772f</arg>
		<arg name='symtab'>no</arg>
	</msg>
	<!-- Instrumentation of /lib/x86_64-linux-gnu/libigdml.so.1 image skipped because of filter conditions [cs-mode]. -->
	<!-- Update image info for [26:0x7F528FBBC000:NN] /lib/x86_64-linux-gnu/libdrm.so.2 -->
	<msg id='28' display='false' source='trc'>
		<type>LOAD_MODULE</type>
		<severity>INFO</severity>
		<timestamp>Wed May 21 14:30:43 2025</timestamp>
		<arg name='module'>/lib/x86_64-linux-gnu/libdrm.so.2</arg>
		<arg name='basement'>0x7f528fbbc000</arg>
		<arg name='ceiling'>0x7f528fbd1bf7</arg>
		<arg name='symtab'>no</arg>
	</msg>
	<!-- Instrumentation of /lib/x86_64-linux-gnu/libdrm.so.2 image skipped because of filter conditions [cs-mode]. -->
	<!-- Update image info for [27:0x7F5284263000:NN] /lib/x86_64-linux-gnu/libnl-genl-3.so.200 -->
	<msg id='29' display='false' source='trc'>
		<type>LOAD_MODULE</type>
		<severity>INFO</severity>
		<timestamp>Wed May 21 14:30:44 2025</timestamp>
		<arg name='module'>/lib/x86_64-linux-gnu/libnl-genl-3.so.200</arg>
		<arg name='basement'>0x7f5284263000</arg>
		<arg name='ceiling'>0x7f528426b4f7</arg>
		<arg name='symtab'>no</arg>
	</msg>
	<!-- Instrumentation of /lib/x86_64-linux-gnu/libnl-genl-3.so.200 image skipped because of filter conditions [cs-mode]. -->
	<!-- Update image info for [28:0x7F5284203000:NN] /lib/x86_64-linux-gnu/libnl-3.so.200 -->
	<msg id='30' display='false' source='trc'>
		<type>LOAD_MODULE</type>
		<severity>INFO</severity>
		<timestamp>Wed May 21 14:30:44 2025</timestamp>
		<arg name='module'>/lib/x86_64-linux-gnu/libnl-3.so.200</arg>
		<arg name='basement'>0x7f5284203000</arg>
		<arg name='ceiling'>0x7f528422545f</arg>
		<arg name='symtab'>no</arg>
	</msg>
	<!-- Instrumentation of /lib/x86_64-linux-gnu/libnl-3.so.200 image skipped because of filter conditions [cs-mode]. -->
	<msg id='31' display='false' source='trc'>
		<type>UNLOAD_MODULE</type>
		<severity>INFO</severity>
		<timestamp>Wed May 21 14:31:36 2025</timestamp>
		<arg name='module'>/home/sdp/zpic-parallel/sycl/zpic</arg>
	</msg>
	<msg id='32' display='false' source='trc'>
		<type>UNLOAD_MODULE</type>
		<severity>INFO</severity>
		<timestamp>Wed May 21 14:31:36 2025</timestamp>
		<arg name='module'>/lib64/ld-linux-x86-64.so.2</arg>
	</msg>
	<msg id='33' display='false' source='trc'>
		<type>UNLOAD_MODULE</type>
		<severity>INFO</severity>
		<timestamp>Wed May 21 14:31:36 2025</timestamp>
		<arg name='module'>[vdso]</arg>
	</msg>
	<msg id='34' display='false' source='trc'>
		<type>UNLOAD_MODULE</type>
		<severity>INFO</severity>
		<timestamp>Wed May 21 14:31:36 2025</timestamp>
		<arg name='module'>/lib/x86_64-linux-gnu/libstdc++.so.6</arg>
	</msg>
	<msg id='35' display='false' source='trc'>
		<type>UNLOAD_MODULE</type>
		<severity>INFO</severity>
		<timestamp>Wed May 21 14:31:36 2025</timestamp>
		<arg name='module'>/lib/x86_64-linux-gnu/libm.so.6</arg>
	</msg>
	<msg id='36' display='false' source='trc'>
		<type>UNLOAD_MODULE</type>
		<severity>INFO</severity>
		<timestamp>Wed May 21 14:31:36 2025</timestamp>
		<arg name='module'>/lib/x86_64-linux-gnu/libgcc_s.so.1</arg>
	</msg>
	<msg id='37' display='false' source='trc'>
		<type>UNLOAD_MODULE</type>
		<severity>INFO</severity>
		<timestamp>Wed May 21 14:31:36 2025</timestamp>
		<arg name='module'>/opt/intel/oneapi/compiler/2025.0/lib/libsycl.so.8</arg>
	</msg>
	<msg id='38' display='false' source='trc'>
		<type>UNLOAD_MODULE</type>
		<severity>INFO</severity>
		<timestamp>Wed May 21 14:31:36 2025</timestamp>
		<arg name='module'>/lib/x86_64-linux-gnu/libc.so.6</arg>
	</msg>
	<msg id='39' display='false' source='trc'>
		<type>UNLOAD_MODULE</type>
		<severity>INFO</severity>
		<timestamp>Wed May 21 14:31:36 2025</timestamp>
		<arg name='module'>/lib/x86_64-linux-gnu/libdl.so.2</arg>
	</msg>
	<msg id='40' display='false' source='trc'>
		<type>UNLOAD_MODULE</type>
		<severity>INFO</severity>
		<timestamp>Wed May 21 14:31:36 2025</timestamp>
		<arg name='module'>/lib/x86_64-linux-gnu/libpthread.so.0</arg>
	</msg>
	<msg id='41' display='false' source='trc'>
		<type>UNLOAD_MODULE</type>
		<severity>INFO</severity>
		<timestamp>Wed May 21 14:31:36 2025</timestamp>
		<arg name='module'>/opt/intel/oneapi/compiler/2025.0/lib/libur_loader.so.0</arg>
	</msg>
	<msg id='42' display='false' source='trc'>
		<type>UNLOAD_MODULE</type>
		<severity>INFO</severity>
		<timestamp>Wed May 21 14:31:36 2025</timestamp>
		<arg name='module'>/lib/x86_64-linux-gnu/librt.so.1</arg>
	</msg>
	<msg id='43' display='false' source='trc'>
		<type>UNLOAD_MODULE</type>
		<severity>INFO</severity>
		<timestamp>Wed May 21 14:31:36 2025</timestamp>
		<arg name='module'>/opt/intel/oneapi/compiler/2025.0/lib/libimf.so</arg>
	</msg>
	<msg id='44' display='false' source='trc'>
		<type>UNLOAD_MODULE</type>
		<severity>INFO</severity>
		<timestamp>Wed May 21 14:31:36 2025</timestamp>
		<arg name='module'>/lib/x86_64-linux-gnu/libz.so.1</arg>
	</msg>
	<msg id='45' display='false' source='trc'>
		<type>UNLOAD_MODULE</type>
		<severity>INFO</severity>
		<timestamp>Wed May 21 14:31:36 2025</timestamp>
		<arg name='module'>/opt/intel/oneapi/compiler/2025.0/lib/libsvml.so</arg>
	</msg>
	<msg id='46' display='false' source='trc'>
		<type>UNLOAD_MODULE</type>
		<severity>INFO</severity>
		<timestamp>Wed May 21 14:31:36 2025</timestamp>
		<arg name='module'>/opt/intel/oneapi/compiler/2025.0/lib/libirng.so</arg>
	</msg>
	<msg id='47' display='false' source='trc'>
		<type>UNLOAD_MODULE</type>
		<severity>INFO</severity>
		<timestamp>Wed May 21 14:31:36 2025</timestamp>
		<arg name='module'>/opt/intel/oneapi/compiler/2025.0/lib/libintlc.so.5</arg>
	</msg>
	<msg id='48' display='false' source='trc'>
		<type>UNLOAD_MODULE</type>
		<severity>INFO</severity>
		<timestamp>Wed May 21 14:31:36 2025</timestamp>
		<arg name='module'>/opt/intel/oneapi/compiler/2025.0/lib/libur_adapter_level_zero.so.0</arg>
	</msg>
	<msg id='49' display='false' source='trc'>
		<type>UNLOAD_MODULE</type>
		<severity>INFO</severity>
		<timestamp>Wed May 21 14:31:36 2025</timestamp>
		<arg name='module'>/opt/intel/oneapi/umf/0.9/lib/libumf.so.0</arg>
	</msg>
	<msg id='50' display='false' source='trc'>
		<type>UNLOAD_MODULE</type>
		<severity>INFO</severity>
		<timestamp>Wed May 21 14:31:36 2025</timestamp>
		<arg name='module'>/lib/x86_64-linux-gnu/libze_loader.so.1</arg>
	</msg>
	<msg id='51' display='false' source='trc'>
		<type>UNLOAD_MODULE</type>
		<severity>INFO</severity>
		<timestamp>Wed May 21 14:31:36 2025</timestamp>
		<arg name='module'>/opt/intel/oneapi/tcm/1.2/lib/libhwloc.so.15</arg>
	</msg>
	<msg id='52' display='false' source='trc'>
		<type>UNLOAD_MODULE</type>
		<severity>INFO</severity>
		<timestamp>Wed May 21 14:31:36 2025</timestamp>
		<arg name='module'>/lib/x86_64-linux-gnu/libze_intel_gpu.so.1</arg>
	</msg>
	<msg id='53' display='false' source='trc'>
		<type>UNLOAD_MODULE</type>
		<severity>INFO</severity>
		<timestamp>Wed May 21 14:31:36 2025</timestamp>
		<arg name='module'>/lib/x86_64-linux-gnu/libigdgmm.so.12</arg>
	</msg>
	<msg id='54' display='false' source='trc'>
		<type>UNLOAD_MODULE</type>
		<severity>INFO</severity>
		<timestamp>Wed May 21 14:31:36 2025</timestamp>
		<arg name='module'>/lib/x86_64-linux-gnu/libigc.so.1</arg>
	</msg>
	<msg id='55' display='false' source='trc'>
		<type>UNLOAD_MODULE</type>
		<severity>INFO</severity>
		<timestamp>Wed May 21 14:31:36 2025</timestamp>
		<arg name='module'>/lib/x86_64-linux-gnu/libigdml.so.1</arg>
	</msg>
	<msg id='56' display='false' source='trc'>
		<type>UNLOAD_MODULE</type>
		<severity>INFO</severity>
		<timestamp>Wed May 21 14:31:36 2025</timestamp>
		<arg name='module'>/lib/x86_64-linux-gnu/libdrm.so.2</arg>
	</msg>
	<msg id='57' display='false' source='trc'>
		<type>UNLOAD_MODULE</type>
		<severity>INFO</severity>
		<timestamp>Wed May 21 14:31:36 2025</timestamp>
		<arg name='module'>/lib/x86_64-linux-gnu/libnl-genl-3.so.200</arg>
	</msg>
	<msg id='58' display='false' source='trc'>
		<type>UNLOAD_MODULE</type>
		<severity>INFO</severity>
		<timestamp>Wed May 21 14:31:36 2025</timestamp>
		<arg name='module'>/lib/x86_64-linux-gnu/libnl-3.so.200</arg>
	</msg>
	<msg id='59' display='false' source='trc'>
		<type>PROCESS_FINISH</type>
		<severity>INFO</severity>
		<timestamp>Wed May 21 14:31:36 2025</timestamp>
		<arg name='process'>/home/sdp/zpic-parallel/sycl/zpic</arg>
		<arg name='pid'>158385</arg>
		<arg name='exitcode'>0x0</arg>
	</msg>
	<!-- Application exited with code 0 -->
</log>